<?xml version="1.0" encoding="UTF-8"?>
<!-- Generated by org.testng.reporters.JUnitXMLReporter -->
<testsuite ignored="0" hostname="Avinash_Ashwini" failures="0" tests="4" name="Test" time="7.896" errors="0" timestamp="2023-12-16T17:53:56 IST">
  <testcase classname="TestCases.CreateOrder" name="Login" time="1.801"/>
  <testcase classname="TestCases.CreateOrder" name="AddToCart" time="0.353"/>
  <testcase classname="TestCases.CreateOrder" name="AddUserDetails" time="0.572"/>
  <testcase classname="TestCases.CreateOrder" name="CheckOutAndLogOut" time="0.302"/>
</testsuite> <!-- Test -->
