<?xml version="1.0" encoding="UTF-8"?>
<testng-results ignored="0" total="1" passed="1" failed="0" skipped="0">
  <reporter-output>
  </reporter-output>
  <suite started-at="2023-12-02T18:30:26 IST" name="Suite" finished-at="2023-12-02T18:31:13 IST" duration-ms="46731">
    <groups>
    </groups>
    <test started-at="2023-12-02T18:30:26 IST" name="Test" finished-at="2023-12-02T18:31:13 IST" duration-ms="46731">
      <class name="TestCases.LoginTest2">
        <test-method is-config="true" signature="launchBrowser(java.lang.String)[pri:0, instance:TestCases.LoginTest2@fbd1f6]" started-at="2023-12-02T18:30:26 IST" name="launchBrowser" finished-at="2023-12-02T18:31:12 IST" duration-ms="46125" status="PASS">
          <params>
            <param index="0">
              <value>
                <![CDATA[Edge]]>
              </value>
            </param>
          </params>
          <reporter-output>
          </reporter-output>
        </test-method> <!-- launchBrowser -->
        <test-method signature="Login()[pri:1, instance:TestCases.LoginTest2@fbd1f6]" started-at="2023-12-02T18:31:12 IST" name="Login" finished-at="2023-12-02T18:31:12 IST" duration-ms="304" status="PASS">
          <reporter-output>
          </reporter-output>
        </test-method> <!-- Login -->
        <test-method is-config="true" signature="quitbrowser()[pri:0, instance:TestCases.LoginTest2@fbd1f6]" started-at="2023-12-02T18:31:12 IST" name="quitbrowser" finished-at="2023-12-02T18:31:13 IST" duration-ms="236" status="PASS">
          <reporter-output>
          </reporter-output>
        </test-method> <!-- quitbrowser -->
      </class> <!-- TestCases.LoginTest2 -->
    </test> <!-- Test -->
  </suite> <!-- Suite -->
</testng-results>
