<?xml version="1.0" encoding="UTF-8"?>
<testng-results ignored="0" total="1" passed="1" failed="0" skipped="0">
  <reporter-output>
  </reporter-output>
  <suite started-at="2023-12-10T19:53:37 IST" name="Suite" finished-at="2023-12-10T19:53:45 IST" duration-ms="7525">
    <groups>
    </groups>
    <test started-at="2023-12-10T19:53:37 IST" name="Test" finished-at="2023-12-10T19:53:45 IST" duration-ms="7525">
      <class name="TestCases.LoginTest">
        <test-method is-config="true" signature="launchBrowser(java.lang.String)[pri:0, instance:TestCases.LoginTest@1a5a4e19]" started-at="2023-12-10T19:53:37 IST" name="launchBrowser" finished-at="2023-12-10T19:53:40 IST" duration-ms="2696" status="PASS">
          <params>
            <param index="0">
              <value>
                <![CDATA[Edge]]>
              </value>
            </param>
          </params>
          <reporter-output>
          </reporter-output>
        </test-method> <!-- launchBrowser -->
        <test-method is-config="true" signature="ReadExcelData(java.lang.String,java.lang.String)[pri:0, instance:TestCases.LoginTest@1a5a4e19]" started-at="2023-12-10T19:53:40 IST" name="ReadExcelData" finished-at="2023-12-10T19:53:40 IST" depends-on-methods="BasePackage.BaseClass.launchBrowser" duration-ms="252" status="PASS">
          <params>
            <param index="0">
              <value>
                <![CDATA[./TestData/TestData.xls]]>
              </value>
            </param>
            <param index="1">
              <value>
                <![CDATA[TestData]]>
              </value>
            </param>
          </params>
          <reporter-output>
          </reporter-output>
        </test-method> <!-- ReadExcelData -->
        <test-method is-config="true" signature="ConfigureAllDetails()[pri:0, instance:TestCases.LoginTest@1a5a4e19]" started-at="2023-12-10T19:53:40 IST" name="ConfigureAllDetails" finished-at="2023-12-10T19:53:40 IST" depends-on-methods="BasePackage.BaseClass.ReadExcelData, BasePackage.BaseClass.launchBrowser" duration-ms="1" status="PASS">
          <reporter-output>
          </reporter-output>
        </test-method> <!-- ConfigureAllDetails -->
        <test-method signature="Login()[pri:1, instance:TestCases.LoginTest@1a5a4e19]" started-at="2023-12-10T19:53:40 IST" name="Login" finished-at="2023-12-10T19:53:44 IST" duration-ms="3934" status="PASS">
          <reporter-output>
          </reporter-output>
        </test-method> <!-- Login -->
        <test-method is-config="true" signature="quitbrowser()[pri:0, instance:TestCases.LoginTest@1a5a4e19]" started-at="2023-12-10T19:53:44 IST" name="quitbrowser" finished-at="2023-12-10T19:53:45 IST" duration-ms="389" status="PASS">
          <reporter-output>
          </reporter-output>
        </test-method> <!-- quitbrowser -->
      </class> <!-- TestCases.LoginTest -->
    </test> <!-- Test -->
  </suite> <!-- Suite -->
</testng-results>
